--------------- 17-04-2024, 21:31:13 ---------------
| DC v1.1.12 gamma Rev. 436 -- x86_64-Linux-qt6
| EndeavourOS Linux -- Qt 6.7.0, libQt6Pas 6.2.1 | PID 49365
Unhandled exception: EAccessViolation: Access violation
  Stack trace:
  $00007E55177403C4
  $0000000000916137
  $000000000083D6CA
  $000000000083D848
  $0000000000839884
  $000000000083ACCF
  $0000000000B14761
  $00000000004BACD5
  $00000000004BAD57
  $00000000004399EB
  $00000000004B3F82

--------------- 17-04-2024, 21:31:13 ---------------
| DC v1.1.12 gamma Rev. 436 -- x86_64-Linux-qt6
| EndeavourOS Linux -- Qt 6.7.0, libQt6Pas 6.2.1 | PID 49365
Unhandled exception: EObjectCheck: Object reference is Nil
  Stack trace:
  $000000000091EDB7
  $00000000006545CE
  $000000000066F4D5
  $000000000064C1F0
  $000000000064C1C0
  $000000000065067F
  $000000000066F42B
  $00000000004B8C4B
  $00000000004BAE4D
  $00000000004399EB
  $00000000004B3F82

--------------- 17-04-2024, 22:47:52 ---------------
| DC v1.1.12 gamma Rev. 436 -- x86_64-Linux-qt6
| EndeavourOS Linux -- Qt 6.7.0, libQt6Pas 6.2.1 | PID 255486
Unhandled exception: EAccessViolation: Access violation
  Stack trace:
  $000072352D7403C4
  $0000000000916137
  $000000000083D6CA
  $000000000083D848
  $0000000000839884
  $000000000083ACCF
  $0000000000B14761
  $00000000004BACD5
  $00000000004BAD57
  $00000000004399EB
  $00000000004B3F82

--------------- 17-04-2024, 22:47:52 ---------------
| DC v1.1.12 gamma Rev. 436 -- x86_64-Linux-qt6
| EndeavourOS Linux -- Qt 6.7.0, libQt6Pas 6.2.1 | PID 255486
Unhandled exception: EObjectCheck: Object reference is Nil
  Stack trace:
  $000000000091EDB7
  $00000000006545CE
  $000000000066F4D5
  $000000000064C1F0
  $000000000064C1C0
  $000000000065067F
  $000000000066F42B
  $00000000004B8C4B
  $00000000004BAE4D
  $00000000004399EB
  $00000000004B3F82

